# JRE version: OpenJDK Runtime Environment Temurin-17.0.7+7 (17.0.7+7) (build 17.0.7+7)
# Java VM: OpenJDK 64-Bit Server VM Temurin-17.0.7+7 (17.0.7+7, mixed mode, tiered, compressed oops, compressed class ptrs, g1 gc, windows-amd64)
GC Precious Log:
 CPUs: 4 total, 4 available
 Memory: 3970M
 Large Page Support: Disabled
 NUMA Support: Disabled
 Compressed Oops: Enabled (32-bit)
 Heap Region Size: 1M
 Heap Min Capacity: 8M
 Heap Initial Capacity: 64M
 Heap Max Capacity: 994M
 Pre-touch: Disabled
 Parallel Workers: 4
 Concurrent Workers: 1
 Concurrent Refinement Workers: 4
 Periodic GC: Disabled
Heap:
 garbage-first heap   total 62464K, used 50384K [0x00000000c1e00000, 0x0000000100000000)
  region size 1024K, 23 young (23552K), 1 survivors (1024K)
 Metaspace       used 27135K, committed 27328K, reserved 1114112K
  class space    used 3016K, committed 3072K, reserved 1048576K
GC Heap History (8 events):
Event: 2.277 GC heap before
{Heap before GC invocations=0 (full 0):
 garbage-first heap   total 65536K, used 14336K [0x00000000c1e00000, 0x0000000100000000)
  region size 1024K, 13 young (13312K), 0 survivors (0K)
 Metaspace       used 9971K, committed 10176K, reserved 1114112K
  class space    used 878K, committed 960K, reserved 1048576K
}
Event: 2.284 GC heap after
{Heap after GC invocations=1 (full 0):
 garbage-first heap   total 65536K, used 5836K [0x00000000c1e00000, 0x0000000100000000)
  region size 1024K, 2 young (2048K), 2 survivors (2048K)
 Metaspace       used 9971K, committed 10176K, reserved 1114112K
  class space    used 878K, committed 960K, reserved 1048576K
}
Event: 4.364 GC heap before
{Heap before GC invocations=1 (full 0):
 garbage-first heap   total 65536K, used 17100K [0x00000000c1e00000, 0x0000000100000000)
  region size 1024K, 13 young (13312K), 2 survivors (2048K)
 Metaspace       used 13608K, committed 13760K, reserved 1114112K
  class space    used 1270K, committed 1344K, reserved 1048576K
}
Event: 4.371 GC heap after
{Heap after GC invocations=2 (full 0):
 garbage-first heap   total 65536K, used 8077K [0x00000000c1e00000, 0x0000000100000000)
  region size 1024K, 2 young (2048K), 2 survivors (2048K)
 Metaspace       used 13608K, committed 13760K, reserved 1114112K
  class space    used 1270K, committed 1344K, reserved 1048576K
}
Event: 5.485 GC heap before
{Heap before GC invocations=2 (full 0):
 garbage-first heap   total 65536K, used 28557K [0x00000000c1e00000, 0x0000000100000000)
  region size 1024K, 22 young (22528K), 2 survivors (2048K)
 Metaspace       used 18705K, committed 18880K, reserved 1114112K
  class space    used 1833K, committed 1920K, reserved 1048576K
}
Event: 5.495 GC heap after
{Heap after GC invocations=3 (full 0):
 garbage-first heap   total 65536K, used 10952K [0x00000000c1e00000, 0x0000000100000000)
  region size 1024K, 3 young (3072K), 3 survivors (3072K)
 Metaspace       used 18705K, committed 18880K, reserved 1114112K
  class space    used 1833K, committed 1920K, reserved 1048576K
}
Event: 6.084 GC heap before
{Heap before GC invocations=3 (full 0):
 garbage-first heap   total 65536K, used 15048K [0x00000000c1e00000, 0x0000000100000000)
  region size 1024K, 8 young (8192K), 3 survivors (3072K)
 Metaspace       used 21412K, committed 21504K, reserved 1114112K
  class space    used 2140K, committed 2176K, reserved 1048576K
}
Event: 6.092 GC heap after
{Heap after GC invocations=4 (full 0):
 garbage-first heap   total 65536K, used 11472K [0x00000000c1e00000, 0x0000000100000000)
  region size 1024K, 1 young (1024K), 1 survivors (1024K)
 Metaspace       used 21412K, committed 21504K, reserved 1114112K
  class space    used 2140K, committed 2176K, reserved 1048576K
}

